<?xml version="1.0" encoding="UTF-8"?>
<testng-results skipped="3" failed="0" total="3" passed="0">
  <reporter-output>
  </reporter-output>
  <suite name="LearningDataDrivenframework" duration-ms="358" started-at="2017-02-27T20:12:08Z" finished-at="2017-02-27T20:12:08Z">
    <groups>
    </groups>
    <test name="Bank manger login Test" duration-ms="15" started-at="2017-02-27T20:12:08Z" finished-at="2017-02-27T20:12:08Z">
      <class name="testcases.LoginTest">
        <test-method status="SKIP" signature="loginAsBankManagerTest()[pri:0, instance:testcases.LoginTest@3e6ef8ad]" name="loginAsBankManagerTest" duration-ms="0" started-at="2017-02-28T01:42:08Z" finished-at="2017-02-28T01:42:08Z">
          <reporter-output>
          </reporter-output>
        </test-method> <!-- loginAsBankManagerTest -->
      </class> <!-- testcases.LoginTest -->
    </test> <!-- Bank manger login Test -->
    <test name="Add Customer Test" duration-ms="172" started-at="2017-02-27T20:12:08Z" finished-at="2017-02-27T20:12:08Z">
      <class name="testcases.AddCustomerTest">
        <test-method status="SKIP" signature="addCustomer(java.lang.String, java.lang.String, java.lang.String)[pri:0, instance:testcases.AddCustomerTest@51dcb805]" name="addCustomer" duration-ms="0" started-at="2017-02-28T01:42:08Z" data-provider="getData" finished-at="2017-02-28T01:42:08Z">
          <params>
            <param index="0">
              <value>
                <![CDATA[opera]]>
              </value>
            </param>
            <param index="1">
              <value>
                <![CDATA[tester]]>
              </value>
            </param>
            <param index="2">
              <value>
                <![CDATA[87980.0]]>
              </value>
            </param>
          </params>
          <reporter-output>
          </reporter-output>
        </test-method> <!-- addCustomer -->
      </class> <!-- testcases.AddCustomerTest -->
    </test> <!-- Add Customer Test -->
    <test name="Open Account Test" duration-ms="0" started-at="2017-02-27T20:12:08Z" finished-at="2017-02-27T20:12:08Z">
      <class name="testcases.OpenAccountTest">
        <test-method status="FAIL" signature="setUp()[pri:0, instance:testcases.OpenAccountTest@1613674b]" name="setUp" is-config="true" duration-ms="0" started-at="2017-02-28T01:41:19Z" finished-at="2017-02-28T01:41:19Z">
          <exception class="org.openqa.selenium.WebDriverException">
            <message>
              <![CDATA[Failed to connect to binary FirefoxBinary(C:\Program Files (x86)\Mozilla Firefox\firefox.exe) on port 7055; process output follows: 

Build info: version: '2.53.1', revision: 'a36b8b1cd5757287168e54b817830adce9b0158d', time: '2016-06-30 19:26:09'
System info: host: 'poltu-PC', ip: '192.168.52.1', os.name: 'Windows 7', os.arch: 'amd64', os.version: '6.1', java.version: '1.8.0_102'
Driver info: driver.version: FirefoxDriver]]>
            </message>
            <full-stacktrace>
              <![CDATA[org.openqa.selenium.WebDriverException: Failed to connect to binary FirefoxBinary(C:\Program Files (x86)\Mozilla Firefox\firefox.exe) on port 7055; process output follows: 

Build info: version: '2.53.1', revision: 'a36b8b1cd5757287168e54b817830adce9b0158d', time: '2016-06-30 19:26:09'
System info: host: 'poltu-PC', ip: '192.168.52.1', os.name: 'Windows 7', os.arch: 'amd64', os.version: '6.1', java.version: '1.8.0_102'
Driver info: driver.version: FirefoxDriver
	at org.openqa.selenium.firefox.internal.NewProfileExtensionConnection.start(NewProfileExtensionConnection.java:125)
	at org.openqa.selenium.firefox.FirefoxDriver.startClient(FirefoxDriver.java:271)
	at org.openqa.selenium.remote.RemoteWebDriver.<init>(RemoteWebDriver.java:119)
	at org.openqa.selenium.firefox.FirefoxDriver.<init>(FirefoxDriver.java:216)
	at org.openqa.selenium.firefox.FirefoxDriver.<init>(FirefoxDriver.java:211)
	at org.openqa.selenium.firefox.FirefoxDriver.<init>(FirefoxDriver.java:207)
	at org.openqa.selenium.firefox.FirefoxDriver.<init>(FirefoxDriver.java:120)
	at base.BaseTest.setUp(BaseTest.java:79)
	at sun.reflect.NativeMethodAccessorImpl.invoke0(Native Method)
	at sun.reflect.NativeMethodAccessorImpl.invoke(NativeMethodAccessorImpl.java:62)
	at sun.reflect.DelegatingMethodAccessorImpl.invoke(DelegatingMethodAccessorImpl.java:43)
	at java.lang.reflect.Method.invoke(Method.java:498)
	at org.testng.internal.MethodInvocationHelper.invokeMethod(MethodInvocationHelper.java:86)
	at org.testng.internal.Invoker.invokeConfigurationMethod(Invoker.java:514)
	at org.testng.internal.Invoker.invokeConfigurations(Invoker.java:215)
	at org.testng.internal.Invoker.invokeConfigurations(Invoker.java:142)
	at org.testng.SuiteRunner.privateRun(SuiteRunner.java:305)
	at org.testng.SuiteRunner.run(SuiteRunner.java:268)
	at org.testng.SuiteRunnerWorker.runSuite(SuiteRunnerWorker.java:52)
	at org.testng.SuiteRunnerWorker.run(SuiteRunnerWorker.java:86)
	at org.testng.TestNG.runSuitesSequentially(TestNG.java:1244)
	at org.testng.TestNG.runSuitesLocally(TestNG.java:1169)
	at org.testng.TestNG.run(TestNG.java:1064)
	at org.testng.remote.AbstractRemoteTestNG.run(AbstractRemoteTestNG.java:126)
	at org.testng.remote.RemoteTestNG.initAndRun(RemoteTestNG.java:152)
	at org.testng.remote.RemoteTestNG.main(RemoteTestNG.java:57)
Caused by: org.openqa.selenium.firefox.NotConnectedException: Unable to connect to host 127.0.0.1 on port 7055 after 45000 ms. Firefox console output:

	at org.openqa.selenium.firefox.internal.NewProfileExtensionConnection.start(NewProfileExtensionConnection.java:113)
	... 25 more
]]>
            </full-stacktrace>
          </exception> <!-- org.openqa.selenium.WebDriverException -->
          <reporter-output>
          </reporter-output>
        </test-method> <!-- setUp -->
        <test-method status="SKIP" signature="OpenAccount(java.lang.String, java.lang.String)[pri:0, instance:testcases.OpenAccountTest@1613674b]" name="OpenAccount" duration-ms="0" started-at="2017-02-28T01:42:08Z" data-provider="getData" finished-at="2017-02-28T01:42:08Z">
          <params>
            <param index="0">
              <value>
                <![CDATA[opera tester]]>
              </value>
            </param>
            <param index="1">
              <value>
                <![CDATA[Dollar]]>
              </value>
            </param>
          </params>
          <reporter-output>
          </reporter-output>
        </test-method> <!-- OpenAccount -->
        <test-method status="SKIP" signature="tearDown()[pri:0, instance:testcases.OpenAccountTest@1613674b]" name="tearDown" is-config="true" duration-ms="0" started-at="2017-02-28T01:42:08Z" finished-at="2017-02-28T01:42:08Z">
          <reporter-output>
          </reporter-output>
        </test-method> <!-- tearDown -->
      </class> <!-- testcases.OpenAccountTest -->
    </test> <!-- Open Account Test -->
  </suite> <!-- LearningDataDrivenframework -->
</testng-results>
